# JRE version: OpenJDK Runtime Environment Temurin-17.0.9+9 (17.0.9+9) (build 17.0.9+9)
# Java VM: OpenJDK 64-Bit Server VM Temurin-17.0.9+9 (17.0.9+9, mixed mode, tiered, compressed oops, compressed class ptrs, parallel gc, windows-amd64)
GC Precious Log:
 CPUs: 12 total, 12 available
 Memory: 16337M
 Large Page Support: Disabled
 NUMA Support: Disabled
 Compressed Oops: Enabled (32-bit)
 Alignments: Space 512K, Generation 512K, Heap 2M
 Heap Min Capacity: 100M
 Heap Initial Capacity: 100M
 Heap Max Capacity: 1G
 Pre-touch: Disabled
 Parallel Workers: 10
Heap:
 PSYoungGen      total 17920K, used 9934K [0x00000000eab00000, 0x00000000ec000000, 0x0000000100000000)
  eden space 16384K, 51% used [0x00000000eab00000,0x00000000eb33e468,0x00000000ebb00000)
  from space 1536K, 98% used [0x00000000ebe80000,0x00000000ebffaa98,0x00000000ec000000)
  to   space 2048K, 0% used [0x00000000ebc00000,0x00000000ebc00000,0x00000000ebe00000)
 ParOldGen       total 376320K, used 373163K [0x00000000c0000000, 0x00000000d6f80000, 0x00000000eab00000)
  object space 376320K, 99% used [0x00000000c0000000,0x00000000d6c6aca8,0x00000000d6f80000)
 Metaspace       used 72922K, committed 74240K, reserved 1179648K
  class space    used 7762K, committed 8320K, reserved 1048576K
GC Heap History (20 events):
Event: 26.071 GC heap before
{Heap before GC invocations=169 (full 12):
 PSYoungGen      total 18432K, used 18412K [0x00000000eab00000, 0x00000000ec280000, 0x0000000100000000)
  eden space 14848K, 100% used [0x00000000eab00000,0x00000000eb980000,0x00000000eb980000)
  from space 3584K, 99% used [0x00000000eb980000,0x00000000ebcfb008,0x00000000ebd00000)
  to   space 4608K, 0% used [0x00000000ebe00000,0x00000000ebe00000,0x00000000ec280000)
 ParOldGen       total 376320K, used 358710K [0x00000000c0000000, 0x00000000d6f80000, 0x00000000eab00000)
  object space 376320K, 95% used [0x00000000c0000000,0x00000000d5e4db60,0x00000000d6f80000)
 Metaspace       used 72591K, committed 73920K, reserved 1179648K
  class space    used 7734K, committed 8320K, reserved 1048576K
}
Event: 26.076 GC heap after
{Heap after GC invocations=169 (full 12):
 PSYoungGen      total 18432K, used 3500K [0x00000000eab00000, 0x00000000ec180000, 0x0000000100000000)
  eden space 14848K, 0% used [0x00000000eab00000,0x00000000eab00000,0x00000000eb980000)
  from space 3584K, 97% used [0x00000000ebe00000,0x00000000ec16b008,0x00000000ec180000)
  to   space 4096K, 0% used [0x00000000eb980000,0x00000000eb980000,0x00000000ebd80000)
 ParOldGen       total 376320K, used 360859K [0x00000000c0000000, 0x00000000d6f80000, 0x00000000eab00000)
  object space 376320K, 95% used [0x00000000c0000000,0x00000000d6066d68,0x00000000d6f80000)
 Metaspace       used 72591K, committed 73920K, reserved 1179648K
  class space    used 7734K, committed 8320K, reserved 1048576K
}
Event: 26.133 GC heap before
{Heap before GC invocations=170 (full 12):
 PSYoungGen      total 18432K, used 18348K [0x00000000eab00000, 0x00000000ec180000, 0x0000000100000000)
  eden space 14848K, 100% used [0x00000000eab00000,0x00000000eb980000,0x00000000eb980000)
  from space 3584K, 97% used [0x00000000ebe00000,0x00000000ec16b008,0x00000000ec180000)
  to   space 4096K, 0% used [0x00000000eb980000,0x00000000eb980000,0x00000000ebd80000)
 ParOldGen       total 376320K, used 360859K [0x00000000c0000000, 0x00000000d6f80000, 0x00000000eab00000)
  object space 376320K, 95% used [0x00000000c0000000,0x00000000d6066d68,0x00000000d6f80000)
 Metaspace       used 72640K, committed 73920K, reserved 1179648K
  class space    used 7743K, committed 8320K, reserved 1048576K
}
Event: 26.138 GC heap after
{Heap after GC invocations=170 (full 12):
 PSYoungGen      total 18944K, used 4096K [0x00000000eab00000, 0x00000000ec480000, 0x0000000100000000)
  eden space 14848K, 0% used [0x00000000eab00000,0x00000000eab00000,0x00000000eb980000)
  from space 4096K, 100% used [0x00000000eb980000,0x00000000ebd80000,0x00000000ebd80000)
  to   space 5632K, 0% used [0x00000000ebf00000,0x00000000ebf00000,0x00000000ec480000)
 ParOldGen       total 376320K, used 361947K [0x00000000c0000000, 0x00000000d6f80000, 0x00000000eab00000)
  object space 376320K, 96% used [0x00000000c0000000,0x00000000d6176d70,0x00000000d6f80000)
 Metaspace       used 72640K, committed 73920K, reserved 1179648K
  class space    used 7743K, committed 8320K, reserved 1048576K
}
Event: 26.181 GC heap before
{Heap before GC invocations=171 (full 12):
 PSYoungGen      total 18944K, used 18944K [0x00000000eab00000, 0x00000000ec480000, 0x0000000100000000)
  eden space 14848K, 100% used [0x00000000eab00000,0x00000000eb980000,0x00000000eb980000)
  from space 4096K, 100% used [0x00000000eb980000,0x00000000ebd80000,0x00000000ebd80000)
  to   space 5632K, 0% used [0x00000000ebf00000,0x00000000ebf00000,0x00000000ec480000)
 ParOldGen       total 376320K, used 361947K [0x00000000c0000000, 0x00000000d6f80000, 0x00000000eab00000)
  object space 376320K, 96% used [0x00000000c0000000,0x00000000d6176d70,0x00000000d6f80000)
 Metaspace       used 72673K, committed 73984K, reserved 1179648K
  class space    used 7746K, committed 8320K, reserved 1048576K
}
Event: 26.186 GC heap after
{Heap after GC invocations=171 (full 12):
 PSYoungGen      total 20480K, used 3136K [0x00000000eab00000, 0x00000000ec300000, 0x0000000100000000)
  eden space 16384K, 0% used [0x00000000eab00000,0x00000000eab00000,0x00000000ebb00000)
  from space 4096K, 76% used [0x00000000ebf00000,0x00000000ec210000,0x00000000ec300000)
  to   space 4096K, 0% used [0x00000000ebb00000,0x00000000ebb00000,0x00000000ebf00000)
 ParOldGen       total 376320K, used 364773K [0x00000000c0000000, 0x00000000d6f80000, 0x00000000eab00000)
  object space 376320K, 96% used [0x00000000c0000000,0x00000000d6439690,0x00000000d6f80000)
 Metaspace       used 72673K, committed 73984K, reserved 1179648K
  class space    used 7746K, committed 8320K, reserved 1048576K
}
Event: 26.226 GC heap before
{Heap before GC invocations=172 (full 12):
 PSYoungGen      total 20480K, used 19520K [0x00000000eab00000, 0x00000000ec300000, 0x0000000100000000)
  eden space 16384K, 100% used [0x00000000eab00000,0x00000000ebb00000,0x00000000ebb00000)
  from space 4096K, 76% used [0x00000000ebf00000,0x00000000ec210000,0x00000000ec300000)
  to   space 4096K, 0% used [0x00000000ebb00000,0x00000000ebb00000,0x00000000ebf00000)
 ParOldGen       total 376320K, used 364773K [0x00000000c0000000, 0x00000000d6f80000, 0x00000000eab00000)
  object space 376320K, 96% used [0x00000000c0000000,0x00000000d6439690,0x00000000d6f80000)
 Metaspace       used 72674K, committed 73984K, reserved 1179648K
  class space    used 7746K, committed 8320K, reserved 1048576K
}
Event: 26.229 GC heap after
{Heap after GC invocations=172 (full 12):
 PSYoungGen      total 20480K, used 4072K [0x00000000eab00000, 0x00000000ec400000, 0x0000000100000000)
  eden space 16384K, 0% used [0x00000000eab00000,0x00000000eab00000,0x00000000ebb00000)
  from space 4096K, 99% used [0x00000000ebb00000,0x00000000ebefa100,0x00000000ebf00000)
  to   space 4608K, 0% used [0x00000000ebf80000,0x00000000ebf80000,0x00000000ec400000)
 ParOldGen       total 376320K, used 364909K [0x00000000c0000000, 0x00000000d6f80000, 0x00000000eab00000)
  object space 376320K, 96% used [0x00000000c0000000,0x00000000d645b690,0x00000000d6f80000)
 Metaspace       used 72674K, committed 73984K, reserved 1179648K
  class space    used 7746K, committed 8320K, reserved 1048576K
}
Event: 26.387 GC heap before
{Heap before GC invocations=173 (full 12):
 PSYoungGen      total 20480K, used 20456K [0x00000000eab00000, 0x00000000ec400000, 0x0000000100000000)
  eden space 16384K, 100% used [0x00000000eab00000,0x00000000ebb00000,0x00000000ebb00000)
  from space 4096K, 99% used [0x00000000ebb00000,0x00000000ebefa100,0x00000000ebf00000)
  to   space 4608K, 0% used [0x00000000ebf80000,0x00000000ebf80000,0x00000000ec400000)
 ParOldGen       total 376320K, used 364909K [0x00000000c0000000, 0x00000000d6f80000, 0x00000000eab00000)
  object space 376320K, 96% used [0x00000000c0000000,0x00000000d645b690,0x00000000d6f80000)
 Metaspace       used 72788K, committed 74112K, reserved 1179648K
  class space    used 7750K, committed 8320K, reserved 1048576K
}
Event: 26.391 GC heap after
{Heap after GC invocations=173 (full 12):
 PSYoungGen      total 17920K, used 1536K [0x00000000eab00000, 0x00000000ec100000, 0x0000000100000000)
  eden space 16384K, 0% used [0x00000000eab00000,0x00000000eab00000,0x00000000ebb00000)
  from space 1536K, 100% used [0x00000000ebf80000,0x00000000ec100000,0x00000000ec100000)
  to   space 2560K, 0% used [0x00000000ebc00000,0x00000000ebc00000,0x00000000ebe80000)
 ParOldGen       total 376320K, used 367832K [0x00000000c0000000, 0x00000000d6f80000, 0x00000000eab00000)
  object space 376320K, 97% used [0x00000000c0000000,0x00000000d67362a0,0x00000000d6f80000)
 Metaspace       used 72788K, committed 74112K, reserved 1179648K
  class space    used 7750K, committed 8320K, reserved 1048576K
}
Event: 26.443 GC heap before
{Heap before GC invocations=174 (full 12):
 PSYoungGen      total 17920K, used 17920K [0x00000000eab00000, 0x00000000ec100000, 0x0000000100000000)
  eden space 16384K, 100% used [0x00000000eab00000,0x00000000ebb00000,0x00000000ebb00000)
  from space 1536K, 100% used [0x00000000ebf80000,0x00000000ec100000,0x00000000ec100000)
  to   space 2560K, 0% used [0x00000000ebc00000,0x00000000ebc00000,0x00000000ebe80000)
 ParOldGen       total 376320K, used 367832K [0x00000000c0000000, 0x00000000d6f80000, 0x00000000eab00000)
  object space 376320K, 97% used [0x00000000c0000000,0x00000000d67362a0,0x00000000d6f80000)
 Metaspace       used 72791K, committed 74112K, reserved 1179648K
  class space    used 7750K, committed 8320K, reserved 1048576K
}
Event: 26.446 GC heap after
{Heap after GC invocations=174 (full 12):
 PSYoungGen      total 18944K, used 2556K [0x00000000eab00000, 0x00000000ec200000, 0x0000000100000000)
  eden space 16384K, 0% used [0x00000000eab00000,0x00000000eab00000,0x00000000ebb00000)
  from space 2560K, 99% used [0x00000000ebc00000,0x00000000ebe7f0a0,0x00000000ebe80000)
  to   space 3584K, 0% used [0x00000000ebe80000,0x00000000ebe80000,0x00000000ec200000)
 ParOldGen       total 376320K, used 368232K [0x00000000c0000000, 0x00000000d6f80000, 0x00000000eab00000)
  object space 376320K, 97% used [0x00000000c0000000,0x00000000d679a2a0,0x00000000d6f80000)
 Metaspace       used 72791K, committed 74112K, reserved 1179648K
  class space    used 7750K, committed 8320K, reserved 1048576K
}
Event: 26.493 GC heap before
{Heap before GC invocations=175 (full 12):
 PSYoungGen      total 18944K, used 18940K [0x00000000eab00000, 0x00000000ec200000, 0x0000000100000000)
  eden space 16384K, 100% used [0x00000000eab00000,0x00000000ebb00000,0x00000000ebb00000)
  from space 2560K, 99% used [0x00000000ebc00000,0x00000000ebe7f0a0,0x00000000ebe80000)
  to   space 3584K, 0% used [0x00000000ebe80000,0x00000000ebe80000,0x00000000ec200000)
 ParOldGen       total 376320K, used 368232K [0x00000000c0000000, 0x00000000d6f80000, 0x00000000eab00000)
  object space 376320K, 97% used [0x00000000c0000000,0x00000000d679a2a0,0x00000000d6f80000)
 Metaspace       used 72793K, committed 74112K, reserved 1179648K
  class space    used 7750K, committed 8320K, reserved 1048576K
}
Event: 26.496 GC heap after
{Heap after GC invocations=175 (full 12):
 PSYoungGen      total 19968K, used 3186K [0x00000000eab00000, 0x00000000ec200000, 0x0000000100000000)
  eden space 16384K, 0% used [0x00000000eab00000,0x00000000eab00000,0x00000000ebb00000)
  from space 3584K, 88% used [0x00000000ebe80000,0x00000000ec19c8a0,0x00000000ec200000)
  to   space 3584K, 0% used [0x00000000ebb00000,0x00000000ebb00000,0x00000000ebe80000)
 ParOldGen       total 376320K, used 369616K [0x00000000c0000000, 0x00000000d6f80000, 0x00000000eab00000)
  object space 376320K, 98% used [0x00000000c0000000,0x00000000d68f42a0,0x00000000d6f80000)
 Metaspace       used 72793K, committed 74112K, reserved 1179648K
  class space    used 7750K, committed 8320K, reserved 1048576K
}
Event: 26.523 GC heap before
{Heap before GC invocations=176 (full 12):
 PSYoungGen      total 19968K, used 19570K [0x00000000eab00000, 0x00000000ec200000, 0x0000000100000000)
  eden space 16384K, 100% used [0x00000000eab00000,0x00000000ebb00000,0x00000000ebb00000)
  from space 3584K, 88% used [0x00000000ebe80000,0x00000000ec19c8a0,0x00000000ec200000)
  to   space 3584K, 0% used [0x00000000ebb00000,0x00000000ebb00000,0x00000000ebe80000)
 ParOldGen       total 376320K, used 369616K [0x00000000c0000000, 0x00000000d6f80000, 0x00000000eab00000)
  object space 376320K, 98% used [0x00000000c0000000,0x00000000d68f42a0,0x00000000d6f80000)
 Metaspace       used 72822K, committed 74112K, reserved 1179648K
  class space    used 7752K, committed 8320K, reserved 1048576K
}
Event: 26.526 GC heap after
{Heap after GC invocations=176 (full 12):
 PSYoungGen      total 19968K, used 3570K [0x00000000eab00000, 0x00000000ec400000, 0x0000000100000000)
  eden space 16384K, 0% used [0x00000000eab00000,0x00000000eab00000,0x00000000ebb00000)
  from space 3584K, 99% used [0x00000000ebb00000,0x00000000ebe7c8a0,0x00000000ebe80000)
  to   space 4608K, 0% used [0x00000000ebf80000,0x00000000ebf80000,0x00000000ec400000)
 ParOldGen       total 376320K, used 370208K [0x00000000c0000000, 0x00000000d6f80000, 0x00000000eab00000)
  object space 376320K, 98% used [0x00000000c0000000,0x00000000d69882a0,0x00000000d6f80000)
 Metaspace       used 72822K, committed 74112K, reserved 1179648K
  class space    used 7752K, committed 8320K, reserved 1048576K
}
Event: 26.565 GC heap before
{Heap before GC invocations=177 (full 12):
 PSYoungGen      total 19968K, used 19954K [0x00000000eab00000, 0x00000000ec400000, 0x0000000100000000)
  eden space 16384K, 100% used [0x00000000eab00000,0x00000000ebb00000,0x00000000ebb00000)
  from space 3584K, 99% used [0x00000000ebb00000,0x00000000ebe7c8a0,0x00000000ebe80000)
  to   space 4608K, 0% used [0x00000000ebf80000,0x00000000ebf80000,0x00000000ec400000)
 ParOldGen       total 376320K, used 370208K [0x00000000c0000000, 0x00000000d6f80000, 0x00000000eab00000)
  object space 376320K, 98% used [0x00000000c0000000,0x00000000d69882a0,0x00000000d6f80000)
 Metaspace       used 72827K, committed 74112K, reserved 1179648K
  class space    used 7752K, committed 8320K, reserved 1048576K
}
Event: 26.568 GC heap after
{Heap after GC invocations=177 (full 12):
 PSYoungGen      total 17408K, used 928K [0x00000000eab00000, 0x00000000ec080000, 0x0000000100000000)
  eden space 16384K, 0% used [0x00000000eab00000,0x00000000eab00000,0x00000000ebb00000)
  from space 1024K, 90% used [0x00000000ebf80000,0x00000000ec068000,0x00000000ec080000)
  to   space 2560K, 0% used [0x00000000ebb80000,0x00000000ebb80000,0x00000000ebe00000)
 ParOldGen       total 376320K, used 372843K [0x00000000c0000000, 0x00000000d6f80000, 0x00000000eab00000)
  object space 376320K, 99% used [0x00000000c0000000,0x00000000d6c1aca8,0x00000000d6f80000)
 Metaspace       used 72827K, committed 74112K, reserved 1179648K
  class space    used 7752K, committed 8320K, reserved 1048576K
}
Event: 26.630 GC heap before
{Heap before GC invocations=178 (full 12):
 PSYoungGen      total 17408K, used 17312K [0x00000000eab00000, 0x00000000ec080000, 0x0000000100000000)
  eden space 16384K, 100% used [0x00000000eab00000,0x00000000ebb00000,0x00000000ebb00000)
  from space 1024K, 90% used [0x00000000ebf80000,0x00000000ec068000,0x00000000ec080000)
  to   space 2560K, 0% used [0x00000000ebb80000,0x00000000ebb80000,0x00000000ebe00000)
 ParOldGen       total 376320K, used 372843K [0x00000000c0000000, 0x00000000d6f80000, 0x00000000eab00000)
  object space 376320K, 99% used [0x00000000c0000000,0x00000000d6c1aca8,0x00000000d6f80000)
 Metaspace       used 72840K, committed 74112K, reserved 1179648K
  class space    used 7753K, committed 8320K, reserved 1048576K
}
Event: 26.632 GC heap after
{Heap after GC invocations=178 (full 12):
 PSYoungGen      total 18944K, used 928K [0x00000000eab00000, 0x00000000ec000000, 0x0000000100000000)
  eden space 16384K, 0% used [0x00000000eab00000,0x00000000eab00000,0x00000000ebb00000)
  from space 2560K, 36% used [0x00000000ebb80000,0x00000000ebc68000,0x00000000ebe00000)
  to   space 1536K, 0% used [0x00000000ebe80000,0x00000000ebe80000,0x00000000ec000000)
 ParOldGen       total 376320K, used 372843K [0x00000000c0000000, 0x00000000d6f80000, 0x00000000eab00000)
  object space 376320K, 99% used [0x00000000c0000000,0x00000000d6c1aca8,0x00000000d6f80000)
 Metaspace       used 72840K, committed 74112K, reserved 1179648K
  class space    used 7753K, committed 8320K, reserved 1048576K
}

